{
  "RSpec": {
    "coverage": {
      "/Users/duncanskinner/Documents/makers_academy/course/week_8/weekly_project/acebook--LizardBook-1/spec/controllers/comment_likes_controller_spec.rb": [
        1,
        null,
        1,
        null,
        null
      ],
      "/Users/duncanskinner/Documents/makers_academy/course/week_8/weekly_project/acebook--LizardBook-1/spec/rails_helper.rb": [
        null,
        1,
        1,
        null,
        1,
        1,
        1,
        null,
        null,
        null,
        null,
        null,
        null,
        null,
        null,
        null,
        null,
        null,
        null,
        null,
        null,
        null,
        3,
        null,
        null,
        null,
        1,
        null,
        1,
        null,
        1,
        null,
        null,
        null,
        null,
        null,
        null,
        null,
        null,
        null,
        null,
        null,
        null,
        null,
        null,
        null,
        null,
        null,
        null,
        null,
        1,
        null,
        null,
        1,
        null,
        null,
        null
      ],
      "/Users/duncanskinner/Documents/makers_academy/course/week_8/weekly_project/acebook--LizardBook-1/config/environment.rb": [
        null,
        1,
        null,
        null,
        1
      ],
      "/Users/duncanskinner/Documents/makers_academy/course/week_8/weekly_project/acebook--LizardBook-1/config/application.rb": [
        1,
        null,
        1,
        null,
        null,
        null,
        1,
        null,
        1,
        1,
        null,
        1,
        null,
        null,
        null,
        null,
        null,
        null
      ],
      "/Users/duncanskinner/Documents/makers_academy/course/week_8/weekly_project/acebook--LizardBook-1/config/boot.rb": [
        1,
        null,
        1
      ],
      "/Users/duncanskinner/Documents/makers_academy/course/week_8/weekly_project/acebook--LizardBook-1/config/environments/test.rb": [
        1,
        null,
        null,
        null,
        null,
        null,
        null,
        1,
        null,
        null,
        null,
        null,
        1,
        null,
        null,
        1,
        1,
        null,
        null,
        null,
        null,
        1,
        1,
        null,
        null,
        1,
        null,
        null,
        1,
        1,
        null,
        null,
        null,
        null,
        1,
        null,
        null,
        1,
        null,
        null,
        null,
        null
      ],
      "/Users/duncanskinner/Documents/makers_academy/course/week_8/weekly_project/acebook--LizardBook-1/config/initializers/application_controller_renderer.rb": [
        null,
        null,
        null,
        null,
        null,
        null
      ],
      "/Users/duncanskinner/Documents/makers_academy/course/week_8/weekly_project/acebook--LizardBook-1/config/initializers/assets.rb": [
        null,
        null,
        null,
        1,
        null,
        null,
        null,
        null,
        1,
        null,
        null,
        null,
        null,
        null
      ],
      "/Users/duncanskinner/Documents/makers_academy/course/week_8/weekly_project/acebook--LizardBook-1/config/initializers/backtrace_silencers.rb": [
        null,
        null,
        null,
        null,
        null,
        null,
        null
      ],
      "/Users/duncanskinner/Documents/makers_academy/course/week_8/weekly_project/acebook--LizardBook-1/config/initializers/cookies_serializer.rb": [
        null,
        null,
        null,
        null,
        1
      ],
      "/Users/duncanskinner/Documents/makers_academy/course/week_8/weekly_project/acebook--LizardBook-1/config/initializers/filter_parameter_logging.rb": [
        null,
        null,
        null,
        1
      ],
      "/Users/duncanskinner/Documents/makers_academy/course/week_8/weekly_project/acebook--LizardBook-1/config/initializers/inflections.rb": [
        null,
        null,
        null,
        null,
        null,
        null,
        null,
        null,
        null,
        null,
        null,
        null,
        null,
        null,
        null,
        null
      ],
      "/Users/duncanskinner/Documents/makers_academy/course/week_8/weekly_project/acebook--LizardBook-1/config/initializers/mime_types.rb": [
        null,
        null,
        null,
        null
      ],
      "/Users/duncanskinner/Documents/makers_academy/course/week_8/weekly_project/acebook--LizardBook-1/config/initializers/simple_form.rb": [
        null,
        null,
        null,
        null,
        null,
        null,
        null,
        null,
        null,
        1,
        null,
        null,
        null,
        null,
        null,
        1,
        null,
        null,
        null,
        null,
        null,
        null,
        null,
        null,
        null,
        1,
        null,
        null,
        null,
        1,
        null,
        null,
        null,
        null,
        null,
        null,
        null,
        null,
        null,
        1,
        null,
        null,
        1,
        null,
        null,
        1,
        null,
        null,
        1,
        null,
        null,
        1,
        null,
        null,
        null,
        1,
        1,
        1,
        null,
        null,
        null,
        null,
        null,
        null,
        null,
        null,
        null,
        1,
        null,
        null,
        null,
        null,
        null,
        1,
        null,
        null,
        1,
        null,
        null,
        null,
        null,
        null,
        null,
        null,
        1,
        null,
        null,
        1,
        null,
        null,
        null,
        null,
        null,
        null,
        null,
        null,
        null,
        null,
        null,
        null,
        null,
        null,
        null,
        null,
        null,
        null,
        null,
        null,
        null,
        null,
        null,
        null,
        null,
        null,
        null,
        null,
        null,
        null,
        null,
        null,
        null,
        null,
        null,
        null,
        null,
        null,
        null,
        null,
        null,
        1,
        null,
        null,
        null,
        null,
        null,
        null,
        null,
        null,
        null,
        null,
        null,
        null,
        null,
        null,
        null,
        null,
        null,
        null,
        null,
        null,
        null,
        null,
        null,
        null,
        null,
        null,
        null,
        null,
        null,
        null,
        null,
        null,
        null,
        1,
        null,
        null,
        null,
        null,
        null,
        null,
        null,
        null,
        null,
        null,
        null,
        null
      ],
      "/Users/duncanskinner/Documents/makers_academy/course/week_8/weekly_project/acebook--LizardBook-1/config/initializers/simple_form_bootstrap.rb": [
        null,
        null,
        null,
        null,
        null,
        null,
        null,
        null,
        null,
        null,
        null,
        null,
        null,
        null,
        null,
        1,
        null,
        1,
        null,
        null,
        1,
        null,
        null,
        368,
        null,
        null,
        1,
        null,
        null,
        1,
        null,
        null,
        null,
        1,
        null,
        null,
        1,
        null,
        null,
        null,
        null,
        1,
        null,
        null,
        1,
        1,
        null,
        null,
        null,
        null,
        null,
        1,
        1,
        1,
        1,
        1,
        1,
        1,
        1,
        1,
        1,
        1,
        1,
        null,
        null,
        null,
        1,
        1,
        1,
        1,
        1,
        1,
        1,
        1,
        null,
        null,
        null,
        null,
        1,
        1,
        1,
        1,
        1,
        null,
        1,
        1,
        1,
        null,
        null,
        null,
        1,
        1,
        1,
        1,
        1,
        null,
        1,
        1,
        1,
        null,
        null,
        null,
        1,
        1,
        1,
        1,
        1,
        1,
        1,
        1,
        1,
        1,
        null,
        null,
        null,
        1,
        1,
        1,
        1,
        1,
        1,
        null,
        1,
        1,
        null,
        null,
        null,
        1,
        1,
        1,
        1,
        1,
        1,
        1,
        1,
        1,
        null,
        null,
        null,
        null,
        null,
        null,
        1,
        1,
        1,
        1,
        1,
        1,
        1,
        1,
        1,
        1,
        1,
        1,
        1,
        null,
        null,
        null,
        null,
        1,
        1,
        1,
        1,
        1,
        null,
        1,
        1,
        1,
        1,
        1,
        1,
        null,
        null,
        null,
        null,
        null,
        1,
        1,
        1,
        1,
        1,
        1,
        1,
        1,
        null,
        null,
        null,
        null,
        1,
        1,
        1,
        1,
        1,
        1,
        1,
        1,
        null,
        null,
        null,
        null,
        1,
        1,
        1,
        1,
        1,
        1,
        1,
        1,
        1,
        1,
        1,
        null,
        null,
        null,
        null,
        1,
        1,
        1,
        1,
        1,
        1,
        1,
        null,
        1,
        1,
        null,
        null,
        null,
        null,
        1,
        1,
        1,
        1,
        1,
        1,
        1,
        1,
        1,
        1,
        null,
        null,
        null,
        null,
        null,
        null,
        null,
        1,
        1,
        1,
        1,
        1,
        1,
        1,
        1,
        1,
        null,
        1,
        1,
        1,
        null,
        null,
        null,
        1,
        1,
        1,
        1,
        1,
        1,
        1,
        null,
        null,
        null,
        null,
        null,
        null,
        1,
        1,
        1,
        1,
        1,
        1,
        1,
        1,
        null,
        null,
        null,
        null,
        1,
        1,
        1,
        1,
        1,
        1,
        1,
        1,
        null,
        null,
        null,
        null,
        1,
        1,
        1,
        1,
        1,
        null,
        1,
        1,
        1,
        null,
        null,
        null,
        1,
        1,
        1,
        1,
        1,
        null,
        1,
        1,
        1,
        null,
        null,
        null,
        1,
        1,
        1,
        1,
        1,
        1,
        1,
        1,
        1,
        1,
        1,
        null,
        1,
        null,
        null,
        null,
        1,
        1,
        1,
        1,
        1,
        1,
        null,
        1,
        1,
        null,
        null,
        null,
        1,
        1,
        1,
        1,
        1,
        1,
        1,
        1,
        1,
        null,
        null,
        null,
        null,
        null,
        null,
        null,
        null,
        null,
        null,
        null,
        null,
        null,
        null,
        null,
        null,
        null,
        null,
        null,
        null,
        null,
        null,
        null,
        null,
        null,
        null,
        null,
        1,
        1,
        1,
        1,
        1,
        1,
        1,
        1,
        1,
        1,
        1,
        1,
        null,
        null,
        null,
        1,
        1,
        1,
        1,
        1,
        1,
        1,
        null,
        null,
        null,
        null,
        1,
        null,
        null,
        null,
        1,
        null,
        null,
        null,
        null,
        null,
        null,
        null,
        null,
        null,
        null,
        null,
        null,
        null,
        null,
        null,
        null,
        null,
        null,
        null,
        null,
        null,
        null
      ],
      "/Users/duncanskinner/Documents/makers_academy/course/week_8/weekly_project/acebook--LizardBook-1/config/initializers/wrap_parameters.rb": [
        null,
        null,
        null,
        null,
        null,
        null,
        1,
        2,
        null,
        null,
        null,
        null,
        null,
        null
      ],
      "/Users/duncanskinner/Documents/makers_academy/course/week_8/weekly_project/acebook--LizardBook-1/spec/factories.rb": [
        1,
        1,
        1,
        null,
        null,
        null,
        1,
        1,
        1,
        null,
        null,
        null,
        null,
        1,
        8,
        8,
        8,
        8,
        8,
        8,
        8,
        8,
        null,
        null,
        1,
        1,
        2,
        null,
        null
      ],
      "/Users/duncanskinner/Documents/makers_academy/course/week_8/weekly_project/acebook--LizardBook-1/config/routes.rb": [
        1,
        null,
        null,
        null,
        1,
        null,
        1,
        1,
        1,
        null,
        1,
        1,
        null,
        1,
        null,
        1,
        1,
        1,
        1,
        1,
        1,
        null,
        null,
        null,
        1,
        1,
        1,
        null,
        null
      ],
      "/Users/duncanskinner/Documents/makers_academy/course/week_8/weekly_project/acebook--LizardBook-1/app/helpers/application_helper.rb": [
        1,
        null,
        null,
        null
      ],
      "/Users/duncanskinner/Documents/makers_academy/course/week_8/weekly_project/acebook--LizardBook-1/app/helpers/comment_likes_helper.rb": [
        1,
        null
      ],
      "/Users/duncanskinner/Documents/makers_academy/course/week_8/weekly_project/acebook--LizardBook-1/app/helpers/comments_helper.rb": [
        1,
        null
      ],
      "/Users/duncanskinner/Documents/makers_academy/course/week_8/weekly_project/acebook--LizardBook-1/app/helpers/home_helper.rb": [
        1,
        null
      ],
      "/Users/duncanskinner/Documents/makers_academy/course/week_8/weekly_project/acebook--LizardBook-1/app/helpers/likes_helper.rb": [
        1,
        null
      ],
      "/Users/duncanskinner/Documents/makers_academy/course/week_8/weekly_project/acebook--LizardBook-1/app/helpers/sessions_helper.rb": [
        1,
        null
      ],
      "/Users/duncanskinner/Documents/makers_academy/course/week_8/weekly_project/acebook--LizardBook-1/app/helpers/users_helper.rb": [
        1,
        null
      ],
      "/Users/duncanskinner/Documents/makers_academy/course/week_8/weekly_project/acebook--LizardBook-1/spec/support/capybara.rb": [
        1,
        1,
        1,
        1,
        0,
        null,
        null,
        null,
        null,
        null,
        null,
        null,
        null,
        null,
        1,
        null,
        1,
        37,
        null,
        1,
        null,
        null,
        25,
        25,
        null,
        null,
        null,
        0,
        null,
        null,
        null,
        1,
        37,
        null,
        1,
        37,
        null,
        null
      ],
      "/Users/duncanskinner/Documents/makers_academy/course/week_8/weekly_project/acebook--LizardBook-1/spec/support/factory_bot.rb": [
        1,
        1,
        null
      ],
      "/Users/duncanskinner/Documents/makers_academy/course/week_8/weekly_project/acebook--LizardBook-1/app/controllers/comment_likes_controller.rb": [
        1,
        1,
        null,
        1,
        0,
        null,
        null,
        1,
        0,
        0,
        null,
        0,
        null,
        0,
        null,
        null,
        1,
        0,
        0,
        null,
        null,
        1,
        0,
        null,
        null,
        1,
        0,
        0,
        0,
        0,
        null,
        null,
        null,
        1,
        null,
        1,
        0,
        0,
        0,
        null,
        null,
        1,
        0,
        null,
        null,
        1,
        0,
        null,
        null
      ],
      "/Users/duncanskinner/Documents/makers_academy/course/week_8/weekly_project/acebook--LizardBook-1/app/controllers/application_controller.rb": [
        1,
        1,
        null,
        1,
        0,
        0,
        null,
        null,
        null,
        1,
        84,
        null,
        null,
        1,
        84,
        1,
        null,
        null,
        null,
        1,
        1,
        null,
        null,
        null
      ],
      "/Users/duncanskinner/Documents/makers_academy/course/week_8/weekly_project/acebook--LizardBook-1/spec/controllers/comments_controller_spec.rb": [
        1,
        null,
        1,
        null,
        null
      ],
      "/Users/duncanskinner/Documents/makers_academy/course/week_8/weekly_project/acebook--LizardBook-1/app/controllers/comments_controller.rb": [
        1,
        null,
        1,
        0,
        null,
        null,
        1,
        0,
        null,
        null,
        1,
        0,
        null,
        null,
        1,
        1,
        1,
        null,
        null,
        1,
        3,
        3,
        3,
        3,
        3,
        3,
        null,
        null,
        1,
        1,
        1,
        1,
        null,
        null,
        1,
        1,
        1,
        1,
        null,
        null,
        1,
        1,
        4,
        null,
        null,
        1,
        2,
        2,
        2,
        null,
        null,
        1,
        1,
        null,
        null
      ],
      "/Users/duncanskinner/Documents/makers_academy/course/week_8/weekly_project/acebook--LizardBook-1/spec/controllers/home_controller_spec.rb": [
        1,
        null,
        1,
        null,
        1,
        1,
        1,
        1,
        null,
        null,
        null,
        null
      ],
      "/Users/duncanskinner/Documents/makers_academy/course/week_8/weekly_project/acebook--LizardBook-1/app/controllers/home_controller.rb": [
        1,
        1,
        null,
        null
      ],
      "/Users/duncanskinner/Documents/makers_academy/course/week_8/weekly_project/acebook--LizardBook-1/spec/controllers/likes_controller_spec.rb": [
        1,
        null,
        1,
        null,
        null
      ],
      "/Users/duncanskinner/Documents/makers_academy/course/week_8/weekly_project/acebook--LizardBook-1/app/controllers/likes_controller.rb": [
        1,
        1,
        null,
        null,
        1,
        0,
        null,
        null,
        1,
        0,
        0,
        null,
        0,
        null,
        null,
        null,
        1,
        0,
        0,
        null,
        null,
        1,
        0,
        null,
        null,
        1,
        0,
        0,
        0,
        0,
        null,
        null,
        null,
        1,
        null,
        1,
        0,
        null,
        null,
        1,
        0,
        null,
        null,
        1,
        0,
        null,
        null
      ],
      "/Users/duncanskinner/Documents/makers_academy/course/week_8/weekly_project/acebook--LizardBook-1/spec/controllers/posts_controller_spec.rb": [
        1,
        null,
        1,
        null,
        1,
        6,
        6,
        null,
        null,
        1,
        1,
        1,
        1,
        1,
        null,
        null,
        null,
        1,
        1,
        1,
        1,
        null,
        null,
        1,
        1,
        1,
        1,
        null,
        null,
        null,
        1,
        1,
        1,
        1,
        null,
        null,
        null,
        1,
        1,
        1,
        1,
        1,
        1,
        null,
        null,
        null,
        1,
        1,
        1,
        1,
        1,
        1,
        1,
        null,
        null,
        null
      ],
      "/Users/duncanskinner/Documents/makers_academy/course/week_8/weekly_project/acebook--LizardBook-1/app/controllers/posts_controller.rb": [
        1,
        1,
        1,
        null,
        null,
        1,
        17,
        17,
        17,
        null,
        null,
        1,
        15,
        15,
        15,
        15,
        null,
        null,
        1,
        1,
        1,
        null,
        null,
        1,
        2,
        2,
        2,
        null,
        null,
        1,
        2,
        2,
        2,
        null,
        null,
        1,
        null,
        1,
        17,
        null,
        null,
        1,
        2,
        null,
        null,
        1,
        4,
        4,
        4,
        null,
        null,
        1,
        1,
        null,
        null,
        null
      ],
      "/Users/duncanskinner/Documents/makers_academy/course/week_8/weekly_project/acebook--LizardBook-1/spec/controllers/sessions_controller_spec.rb": [
        1,
        null,
        1,
        null,
        1,
        1,
        1,
        1,
        null,
        null,
        null,
        1,
        1,
        1,
        1,
        null,
        null,
        null,
        null
      ],
      "/Users/duncanskinner/Documents/makers_academy/course/week_8/weekly_project/acebook--LizardBook-1/app/controllers/sessions_controller.rb": [
        1,
        null,
        1,
        null,
        1,
        null,
        null,
        1,
        23,
        23,
        22,
        22,
        null,
        null,
        1,
        1,
        null,
        null,
        null,
        1,
        30,
        30,
        30,
        null,
        null
      ],
      "/Users/duncanskinner/Documents/makers_academy/course/week_8/weekly_project/acebook--LizardBook-1/spec/controllers/users_controller_spec.rb": [
        1,
        null,
        1,
        null,
        1,
        1,
        1,
        1,
        null,
        null,
        null,
        null
      ],
      "/Users/duncanskinner/Documents/makers_academy/course/week_8/weekly_project/acebook--LizardBook-1/app/controllers/users_controller.rb": [
        1,
        1,
        36,
        null,
        null,
        1,
        30,
        30,
        null,
        30,
        25,
        25,
        25,
        5,
        5,
        5,
        null,
        null,
        null,
        null,
        1,
        69,
        69,
        2,
        null,
        69,
        68,
        68,
        null,
        1,
        null,
        null,
        null,
        1,
        0,
        null,
        null,
        1,
        2,
        2,
        2,
        null,
        0,
        0,
        null,
        null,
        null,
        1,
        null,
        1,
        30,
        null,
        null,
        1,
        2,
        null,
        null
      ],
      "/Users/duncanskinner/Documents/makers_academy/course/week_8/weekly_project/acebook--LizardBook-1/spec/features/user_can_change_wall_colour_spec.rb": [
        null,
        1,
        null,
        null,
        1,
        1,
        1,
        1,
        1,
        1,
        1,
        1,
        null,
        null,
        null,
        null,
        1,
        1,
        1,
        1,
        1,
        1,
        1,
        null,
        null,
        null,
        null
      ],
      "/Users/duncanskinner/Documents/makers_academy/course/week_8/weekly_project/acebook--LizardBook-1/spec/features/user_can_delete-_omment_spec.rb": [
        1,
        null,
        1,
        1,
        1,
        1,
        1,
        1,
        1,
        1,
        1,
        1,
        1,
        null,
        null
      ],
      "/Users/duncanskinner/Documents/makers_academy/course/week_8/weekly_project/acebook--LizardBook-1/spec/features/user_can_delete_posts_spec.rb": [
        1,
        null,
        1,
        1,
        1,
        1,
        1,
        1,
        1,
        1,
        1,
        null,
        null,
        1,
        1,
        1,
        1,
        1,
        1,
        1,
        1,
        1,
        1,
        1,
        1,
        1,
        null,
        null
      ],
      "/Users/duncanskinner/Documents/makers_academy/course/week_8/weekly_project/acebook--LizardBook-1/spec/features/user_can_like_post_spec.rb": [
        null,
        null,
        null,
        null,
        null,
        null,
        null,
        null,
        null,
        null,
        null,
        null,
        null
      ],
      "/Users/duncanskinner/Documents/makers_academy/course/week_8/weekly_project/acebook--LizardBook-1/spec/features/user_can_see_posts_on_their_wall_spec.rb": [
        1,
        null,
        1,
        null,
        1,
        1,
        1,
        1,
        1,
        null,
        null,
        1,
        1,
        1,
        1,
        1,
        1,
        1,
        1,
        1,
        1,
        1,
        1,
        1,
        1,
        null,
        null,
        1,
        1,
        1,
        1,
        1,
        1,
        1,
        1,
        null,
        null,
        null
      ],
      "/Users/duncanskinner/Documents/makers_academy/course/week_8/weekly_project/acebook--LizardBook-1/spec/features/user_can_sign_up_spec.rb": [
        1,
        null,
        1,
        null,
        1,
        1,
        1,
        1,
        null,
        null,
        1,
        1,
        1,
        1,
        1,
        1,
        1,
        1,
        1,
        1,
        1,
        1,
        1,
        1,
        null,
        null,
        1,
        1,
        1,
        1,
        1,
        1,
        1,
        1,
        1,
        1,
        1,
        1,
        1,
        null,
        null,
        1,
        1,
        1,
        1,
        1,
        1,
        1,
        1,
        1,
        1,
        1,
        1,
        1,
        null,
        null,
        1,
        1,
        1,
        1,
        1,
        1,
        1,
        1,
        1,
        1,
        1,
        1,
        1,
        1,
        null,
        null,
        1,
        1,
        1,
        1,
        1,
        1,
        1,
        1,
        1,
        1,
        1,
        1,
        null,
        null,
        null
      ],
      "/Users/duncanskinner/Documents/makers_academy/course/week_8/weekly_project/acebook--LizardBook-1/spec/features/user_can_submit_comments_spec.rb": [
        1,
        null,
        1,
        1,
        1,
        1,
        1,
        1,
        1,
        1,
        null,
        null
      ],
      "/Users/duncanskinner/Documents/makers_academy/course/week_8/weekly_project/acebook--LizardBook-1/spec/features/user_can_submit_posts_spec.rb": [
        1,
        null,
        1,
        1,
        1,
        1,
        1,
        1,
        null,
        null,
        1,
        1,
        1,
        1,
        1,
        null,
        null,
        null,
        null
      ],
      "/Users/duncanskinner/Documents/makers_academy/course/week_8/weekly_project/acebook--LizardBook-1/spec/features/user_can_update_comment_spec.rb": [
        null,
        1,
        null,
        null,
        1,
        1,
        1,
        1,
        1,
        1,
        1,
        1,
        1,
        1,
        1,
        1,
        1,
        null,
        null
      ],
      "/Users/duncanskinner/Documents/makers_academy/course/week_8/weekly_project/acebook--LizardBook-1/spec/features/user_can_update_post_spec.rb": [
        1,
        null,
        1,
        1,
        1,
        1,
        1,
        1,
        1,
        1,
        1,
        1,
        1,
        null,
        null,
        1,
        1,
        1,
        1,
        1,
        1,
        1,
        1,
        1,
        1,
        1,
        1,
        1,
        1,
        null,
        null
      ],
      "/Users/duncanskinner/Documents/makers_academy/course/week_8/weekly_project/acebook--LizardBook-1/spec/features/user_can_visit_other_users_profile_spec.rb": [
        1,
        null,
        1,
        1,
        1,
        1,
        1,
        1,
        1,
        1,
        null,
        1,
        1,
        null,
        null
      ],
      "/Users/duncanskinner/Documents/makers_academy/course/week_8/weekly_project/acebook--LizardBook-1/spec/features/user_does_not_exist_spec.rb": [
        1,
        null,
        null,
        1,
        null,
        1,
        1,
        1,
        1,
        1,
        null,
        null,
        null
      ],
      "/Users/duncanskinner/Documents/makers_academy/course/week_8/weekly_project/acebook--LizardBook-1/spec/features/user_does_not_sign_in_spec.rb": [
        1,
        null,
        1,
        null,
        1,
        1,
        1,
        null,
        null
      ],
      "/Users/duncanskinner/Documents/makers_academy/course/week_8/weekly_project/acebook--LizardBook-1/spec/features/users_can_sign_in_spec.rb": [
        1,
        null,
        null,
        1,
        null,
        1,
        1,
        1,
        1,
        1,
        1,
        1,
        null,
        null,
        null,
        1,
        1,
        1,
        1,
        1,
        1,
        1,
        null,
        null,
        null
      ],
      "/Users/duncanskinner/Documents/makers_academy/course/week_8/weekly_project/acebook--LizardBook-1/spec/models/post_spec.rb": [
        1,
        null,
        1,
        2,
        null,
        1,
        2,
        1,
        1,
        1,
        null,
        null,
        null
      ],
      "/Users/duncanskinner/Documents/makers_academy/course/week_8/weekly_project/acebook--LizardBook-1/app/models/post.rb": [
        1,
        1,
        1,
        1,
        1,
        1,
        null
      ],
      "/Users/duncanskinner/Documents/makers_academy/course/week_8/weekly_project/acebook--LizardBook-1/app/models/application_record.rb": [
        1,
        1,
        null
      ],
      "/Users/duncanskinner/Documents/makers_academy/course/week_8/weekly_project/acebook--LizardBook-1/app/models/user.rb": [
        1,
        1,
        null,
        1,
        1,
        1,
        1,
        1,
        null,
        1,
        null,
        1,
        null,
        1,
        1,
        1,
        null,
        1,
        null,
        1,
        74,
        null,
        null
      ],
      "/Users/duncanskinner/Documents/makers_academy/course/week_8/weekly_project/acebook--LizardBook-1/app/models/comment.rb": [
        1,
        1,
        1,
        1,
        1,
        null
      ],
      "/Users/duncanskinner/Documents/makers_academy/course/week_8/weekly_project/acebook--LizardBook-1/app/models/like.rb": [
        1,
        1,
        1,
        null,
        1,
        24,
        null,
        null,
        null
      ],
      "/Users/duncanskinner/Documents/makers_academy/course/week_8/weekly_project/acebook--LizardBook-1/app/models/comment_like.rb": [
        1,
        1,
        1,
        null,
        1,
        4,
        null,
        null
      ]
    },
    "timestamp": 1573820397
  }
}
